<?xml version="1.0" encoding="UTF-8"?>
<TestRun id="d049f327-953a-4b6e-b505-a1a7b053ee93" name="gbernal@GBERNAL 2013-07-18 16:46:51" runUser="SOAM\gbernal" xmlns="http://microsoft.com/schemas/VisualStudio/TeamTest/2010">
  <TestSettings name="Local" id="e3db6095-ce6e-41b0-b542-606337b9d5bd">
    <Description>These are default test settings for a local test run.</Description>
    <Deployment enabled="false" runDeploymentRoot="gbernal_GBERNAL 2013-07-18 16_46_51" />
    <Execution>
      <TestTypeSpecific />
      <AgentRule name="Execution Agents">
      </AgentRule>
    </Execution>
  </TestSettings>
  <Times creation="2013-07-18T16:46:51.0534779-05:00" queuing="2013-07-18T16:46:51.4285154-05:00" start="2013-07-18T16:46:51.5945320-05:00" finish="2013-07-18T16:46:57.6381363-05:00" />
  <ResultSummary outcome="Failed">
    <Counters total="2" executed="2" error="0" failed="2" timeout="0" aborted="0" inconclusive="0" passedButRunAborted="0" notRunnable="0" notExecuted="0" disconnected="0" warning="0" passed="0" completed="0" inProgress="0" pending="0" />
  </ResultSummary>
  <TestDefinitions>
    <UnitTest name="CustomerStatementTest_Execution_Regular_Mock" storage="d:\users\gbernal\desktop\aplicaciones\backupapp\sincosap\sc_v16\scsap_d\sincosap\unit_test\bin\debug\unit_test.dll" id="723dbe34-4823-0b26-5b5b-78ca5fb64a04">
      <Execution timeOut="1800000" id="d3e3d1ee-9619-4770-86f8-aa77bc6a926a" />
      <TestMethod codeBase="D:/Users/gbernal/Desktop/Aplicaciones/BackUpApp/SINCOSAP/SC_V16/SCSAP_D/SINCOSAP/Unit_Test/bin/Debug/Unit_Test.DLL" adapterTypeName="Microsoft.VisualStudio.TestTools.TestTypes.Unit.UnitTestAdapter, Microsoft.VisualStudio.QualityTools.Tips.UnitTest.Adapter, Version=10.0.0.0, Culture=neutral, PublicKeyToken=b03f5f7f11d50a3a" className="Unit_Test.CustomerStatementTest, Unit_Test, Version=1.0.0.0, Culture=neutral, PublicKeyToken=null" name="CustomerStatementTest_Execution_Regular_Mock" />
    </UnitTest>
    <UnitTest name="CustomerStatementTest_Execution_Regular" storage="d:\users\gbernal\desktop\aplicaciones\backupapp\sincosap\sc_v16\scsap_d\sincosap\unit_test\bin\debug\unit_test.dll" id="5a3eb674-9ff7-9093-8b06-3adae1062bee">
      <Execution timeOut="1800000" id="2395091e-34d4-4372-8c48-854087e73a9c" />
      <TestMethod codeBase="D:/Users/gbernal/Desktop/Aplicaciones/BackUpApp/SINCOSAP/SC_V16/SCSAP_D/SINCOSAP/Unit_Test/bin/Debug/Unit_Test.DLL" adapterTypeName="Microsoft.VisualStudio.TestTools.TestTypes.Unit.UnitTestAdapter, Microsoft.VisualStudio.QualityTools.Tips.UnitTest.Adapter, Version=10.0.0.0, Culture=neutral, PublicKeyToken=b03f5f7f11d50a3a" className="Unit_Test.CustomerStatementTest, Unit_Test, Version=1.0.0.0, Culture=neutral, PublicKeyToken=null" name="CustomerStatementTest_Execution_Regular" />
    </UnitTest>
  </TestDefinitions>
  <TestLists>
    <TestList name="Results Not in a List" id="8c84fa94-04c1-424b-9868-57a2d4851a1d" />
    <TestList name="All Loaded Results" id="19431567-8539-422a-85d7-44ee4e166bda" />
  </TestLists>
  <TestEntries>
    <TestEntry testId="5a3eb674-9ff7-9093-8b06-3adae1062bee" executionId="2395091e-34d4-4372-8c48-854087e73a9c" testListId="8c84fa94-04c1-424b-9868-57a2d4851a1d" />
    <TestEntry testId="723dbe34-4823-0b26-5b5b-78ca5fb64a04" executionId="d3e3d1ee-9619-4770-86f8-aa77bc6a926a" testListId="8c84fa94-04c1-424b-9868-57a2d4851a1d" />
  </TestEntries>
  <Results>
    <UnitTestResult executionId="2395091e-34d4-4372-8c48-854087e73a9c" testId="5a3eb674-9ff7-9093-8b06-3adae1062bee" testName="CustomerStatementTest_Execution_Regular" computerName="GBERNAL" duration="00:00:05.8443760" startTime="2013-07-18T16:46:51.6405366-05:00" endTime="2013-07-18T16:46:57.5701295-05:00" testType="13cdc9d9-ddb5-4fa4-a97d-d965ccfc6d4b" outcome="Failed" testListId="8c84fa94-04c1-424b-9868-57a2d4851a1d" relativeResultsDirectory="2395091e-34d4-4372-8c48-854087e73a9c">
      <Output>
        <ErrorInfo>
          <Message>Test method Unit_Test.CustomerStatementTest.CustomerStatementTest_Execution_Regular threw exception: 
System.Net.WebException: The request failed with HTTP status 405: Method Not Allowed.</Message>
          <StackTrace>    at System.Web.Services.Protocols.SoapHttpClientProtocol.ReadResponse(SoapClientMessage message, WebResponse response, Stream responseStream, Boolean asyncCall)
   at System.Web.Services.Protocols.SoapHttpClientProtocol.Invoke(String methodName, Object[] parameters)
   at Persistence.AppWS.WS.BS_SINCO_PRD_GBL_SI_OS_CustomerStatement_x_x.requestCustomerStatement(DT_CustomerStatementReq MT_CustomerStatementReq) in D:\Users\gbernal\Desktop\Aplicaciones\BackUpApp\SINCOSAP\SC_V16\SCSAP_D\SINCOSAP\Persistence\AppWS\WS\WS_EC.cs:line 49
   at Persistence.AppWS.CustomerStatement.Execute() in D:\Users\gbernal\Desktop\Aplicaciones\BackUpApp\SINCOSAP\SC_V16\SCSAP_D\SINCOSAP\Persistence\AppWS\EC.cs:line 52
   at Unit_Test.CustomerStatementTest.CustomerStatementTest_LogicExec(String wsUrl, String usr, String password, CsParametersDto param) in D:\Users\gbernal\Desktop\Aplicaciones\BackUpApp\SINCOSAP\SC_V16\SCSAP_D\SINCOSAP\Unit_Test\CustomerStatementTest.cs:line 167
   at Unit_Test.CustomerStatementTest.CustomerStatementTest_Execution_Regular() in D:\Users\gbernal\Desktop\Aplicaciones\BackUpApp\SINCOSAP\SC_V16\SCSAP_D\SINCOSAP\Unit_Test\CustomerStatementTest.cs:line 137
</StackTrace>
        </ErrorInfo>
      </Output>
    </UnitTestResult>
    <UnitTestResult executionId="d3e3d1ee-9619-4770-86f8-aa77bc6a926a" testId="723dbe34-4823-0b26-5b5b-78ca5fb64a04" testName="CustomerStatementTest_Execution_Regular_Mock" computerName="GBERNAL" duration="00:00:00.0023465" startTime="2013-07-18T16:46:57.5761301-05:00" endTime="2013-07-18T16:46:57.5811306-05:00" testType="13cdc9d9-ddb5-4fa4-a97d-d965ccfc6d4b" outcome="Failed" testListId="8c84fa94-04c1-424b-9868-57a2d4851a1d" relativeResultsDirectory="d3e3d1ee-9619-4770-86f8-aa77bc6a926a">
      <Output>
        <ErrorInfo>
          <Message>Test method Unit_Test.CustomerStatementTest.CustomerStatementTest_Execution_Regular_Mock threw exception: 
System.UriFormatException: Invalid URI: The format of the URI could not be determined.</Message>
          <StackTrace>    at System.Uri.CreateThis(String uri, Boolean dontEscape, UriKind uriKind)
   at System.Uri..ctor(String uriString)
   at System.Web.Services.Protocols.WebClientProtocol.set_Url(String value)
   at Persistence.AppWS.WS.BS_SINCO_PRD_GBL_SI_OS_CustomerStatement_x_x..ctor(String url) in D:\Users\gbernal\Desktop\Aplicaciones\BackUpApp\SINCOSAP\SC_V16\SCSAP_D\SINCOSAP\Persistence\AppWS\WS\WS_EC.cs:line 38
   at Persistence.AppWS.CustomerStatement..ctor(String wsUrl) in D:\Users\gbernal\Desktop\Aplicaciones\BackUpApp\SINCOSAP\SC_V16\SCSAP_D\SINCOSAP\Persistence\AppWS\EC.cs:line 21
   at Unit_Test.CustomerStatementTest.CustomerStatementTest_Execution_Regular_Mock() in D:\Users\gbernal\Desktop\Aplicaciones\BackUpApp\SINCOSAP\SC_V16\SCSAP_D\SINCOSAP\Unit_Test\CustomerStatementTest.cs:line 145
</StackTrace>
        </ErrorInfo>
      </Output>
    </UnitTestResult>
  </Results>
</TestRun>